<?xml version="1.0" encoding="UTF-8"?>
<testsuite xmlns:xsi="http://www.w3.org/2001/XMLSchema-instance" xsi:noNamespaceSchemaLocation="https://maven.apache.org/surefire/maven-surefire-plugin/xsd/surefire-test-report-3.0.xsd" version="3.0" name="TestSuite" time="12.209" tests="2" errors="0" skipped="0" failures="1">
  <properties>
    <property name="java.specification.version" value="13"/>
    <property name="sun.jnu.encoding" value="UTF-8"/>
    <property name="java.class.path" value="/Users/narendra/eclipse-workspace/APIAutomation/target/test-classes:/Users/narendra/eclipse-workspace/APIAutomation/target/classes:/Users/narendra/.m2/repository/io/rest-assured/rest-assured/5.5.0/rest-assured-5.5.0.jar:/Users/narendra/.m2/repository/org/apache/groovy/groovy/4.0.22/groovy-4.0.22.jar:/Users/narendra/.m2/repository/org/apache/groovy/groovy-xml/4.0.22/groovy-xml-4.0.22.jar:/Users/narendra/.m2/repository/org/apache/httpcomponents/httpclient/4.5.13/httpclient-4.5.13.jar:/Users/narendra/.m2/repository/org/apache/httpcomponents/httpcore/4.4.13/httpcore-4.4.13.jar:/Users/narendra/.m2/repository/commons-logging/commons-logging/1.2/commons-logging-1.2.jar:/Users/narendra/.m2/repository/commons-codec/commons-codec/1.11/commons-codec-1.11.jar:/Users/narendra/.m2/repository/org/apache/httpcomponents/httpmime/4.5.13/httpmime-4.5.13.jar:/Users/narendra/.m2/repository/org/hamcrest/hamcrest/2.2/hamcrest-2.2.jar:/Users/narendra/.m2/repository/org/ccil/cowan/tagsoup/tagsoup/1.2.1/tagsoup-1.2.1.jar:/Users/narendra/.m2/repository/io/rest-assured/json-path/5.5.0/json-path-5.5.0.jar:/Users/narendra/.m2/repository/org/apache/groovy/groovy-json/4.0.22/groovy-json-4.0.22.jar:/Users/narendra/.m2/repository/io/rest-assured/rest-assured-common/5.5.0/rest-assured-common-5.5.0.jar:/Users/narendra/.m2/repository/io/rest-assured/xml-path/5.5.0/xml-path-5.5.0.jar:/Users/narendra/.m2/repository/org/testng/testng/7.10.2/testng-7.10.2.jar:/Users/narendra/.m2/repository/org/slf4j/slf4j-api/1.7.36/slf4j-api-1.7.36.jar:/Users/narendra/.m2/repository/com/beust/jcommander/1.82/jcommander-1.82.jar:/Users/narendra/.m2/repository/org/webjars/jquery/3.7.1/jquery-3.7.1.jar:/Users/narendra/.m2/repository/com/fasterxml/jackson/core/jackson-databind/2.17.2/jackson-databind-2.17.2.jar:/Users/narendra/.m2/repository/com/fasterxml/jackson/core/jackson-annotations/2.17.2/jackson-annotations-2.17.2.jar:/Users/narendra/.m2/repository/com/fasterxml/jackson/core/jackson-core/2.17.2/jackson-core-2.17.2.jar:/Users/narendra/.m2/repository/com/google/code/gson/gson/2.11.0/gson-2.11.0.jar:/Users/narendra/.m2/repository/com/google/errorprone/error_prone_annotations/2.27.0/error_prone_annotations-2.27.0.jar:/Users/narendra/.m2/repository/com/aventstack/extentreports/5.1.2/extentreports-5.1.2.jar:/Users/narendra/.m2/repository/io/reactivex/rxjava3/rxjava/3.1.6/rxjava-3.1.6.jar:/Users/narendra/.m2/repository/org/reactivestreams/reactive-streams/1.0.4/reactive-streams-1.0.4.jar:/Users/narendra/.m2/repository/org/freemarker/freemarker/2.3.32/freemarker-2.3.32.jar:/Users/narendra/.m2/repository/com/github/javafaker/javafaker/1.0.2/javafaker-1.0.2.jar:/Users/narendra/.m2/repository/org/yaml/snakeyaml/1.23/snakeyaml-1.23-android.jar:/Users/narendra/.m2/repository/com/github/mifmif/generex/1.0.2/generex-1.0.2.jar:/Users/narendra/.m2/repository/dk/brics/automaton/automaton/1.11-8/automaton-1.11-8.jar:/Users/narendra/.m2/repository/org/projectlombok/lombok/1.18.34/lombok-1.18.34.jar:/Users/narendra/.m2/repository/org/apache/commons/commons-lang3/3.17.0/commons-lang3-3.17.0.jar:/Users/narendra/.m2/repository/com/github/ozlerhakan/poiji/4.1.1/poiji-4.1.1.jar:/Users/narendra/.m2/repository/org/apache/poi/poi-ooxml/5.2.3/poi-ooxml-5.2.3.jar:/Users/narendra/.m2/repository/org/apache/poi/poi/5.2.3/poi-5.2.3.jar:/Users/narendra/.m2/repository/org/apache/commons/commons-math3/3.6.1/commons-math3-3.6.1.jar:/Users/narendra/.m2/repository/com/zaxxer/SparseBitSet/1.2/SparseBitSet-1.2.jar:/Users/narendra/.m2/repository/org/apache/poi/poi-ooxml-lite/5.2.3/poi-ooxml-lite-5.2.3.jar:/Users/narendra/.m2/repository/org/apache/xmlbeans/xmlbeans/5.1.1/xmlbeans-5.1.1.jar:/Users/narendra/.m2/repository/org/apache/commons/commons-compress/1.21/commons-compress-1.21.jar:/Users/narendra/.m2/repository/commons-io/commons-io/2.11.0/commons-io-2.11.0.jar:/Users/narendra/.m2/repository/com/github/virtuald/curvesapi/1.07/curvesapi-1.07.jar:/Users/narendra/.m2/repository/org/apache/logging/log4j/log4j-api/2.18.0/log4j-api-2.18.0.jar:/Users/narendra/.m2/repository/org/apache/commons/commons-collections4/4.4/commons-collections4-4.4.jar:"/>
    <property name="java.vm.vendor" value="Oracle Corporation"/>
    <property name="sun.arch.data.model" value="64"/>
    <property name="java.vendor.url" value="https://java.oracle.com/"/>
    <property name="user.timezone" value="Asia/Kolkata"/>
    <property name="os.name" value="Mac OS X"/>
    <property name="java.vm.specification.version" value="13"/>
    <property name="sun.java.launcher" value="SUN_STANDARD"/>
    <property name="user.country" value="GB"/>
    <property name="sun.boot.library.path" value="/Library/Java/JavaVirtualMachines/jdk-13.0.1.jdk/Contents/Home/lib"/>
    <property name="sun.java.command" value="/Users/narendra/eclipse-workspace/APIAutomation/target/surefire/surefirebooter-20241025142732336_3.jar /Users/narendra/eclipse-workspace/APIAutomation/target/surefire 2024-10-25T14-27-32_051-jvmRun1 surefire-20241025142732336_1tmp surefire_0-20241025142732336_2tmp"/>
    <property name="http.nonProxyHosts" value="local|*.local|169.254/16|*.169.254/16"/>
    <property name="jdk.debug" value="release"/>
    <property name="surefire.test.class.path" value="/Users/narendra/eclipse-workspace/APIAutomation/target/test-classes:/Users/narendra/eclipse-workspace/APIAutomation/target/classes:/Users/narendra/.m2/repository/io/rest-assured/rest-assured/5.5.0/rest-assured-5.5.0.jar:/Users/narendra/.m2/repository/org/apache/groovy/groovy/4.0.22/groovy-4.0.22.jar:/Users/narendra/.m2/repository/org/apache/groovy/groovy-xml/4.0.22/groovy-xml-4.0.22.jar:/Users/narendra/.m2/repository/org/apache/httpcomponents/httpclient/4.5.13/httpclient-4.5.13.jar:/Users/narendra/.m2/repository/org/apache/httpcomponents/httpcore/4.4.13/httpcore-4.4.13.jar:/Users/narendra/.m2/repository/commons-logging/commons-logging/1.2/commons-logging-1.2.jar:/Users/narendra/.m2/repository/commons-codec/commons-codec/1.11/commons-codec-1.11.jar:/Users/narendra/.m2/repository/org/apache/httpcomponents/httpmime/4.5.13/httpmime-4.5.13.jar:/Users/narendra/.m2/repository/org/hamcrest/hamcrest/2.2/hamcrest-2.2.jar:/Users/narendra/.m2/repository/org/ccil/cowan/tagsoup/tagsoup/1.2.1/tagsoup-1.2.1.jar:/Users/narendra/.m2/repository/io/rest-assured/json-path/5.5.0/json-path-5.5.0.jar:/Users/narendra/.m2/repository/org/apache/groovy/groovy-json/4.0.22/groovy-json-4.0.22.jar:/Users/narendra/.m2/repository/io/rest-assured/rest-assured-common/5.5.0/rest-assured-common-5.5.0.jar:/Users/narendra/.m2/repository/io/rest-assured/xml-path/5.5.0/xml-path-5.5.0.jar:/Users/narendra/.m2/repository/org/testng/testng/7.10.2/testng-7.10.2.jar:/Users/narendra/.m2/repository/org/slf4j/slf4j-api/1.7.36/slf4j-api-1.7.36.jar:/Users/narendra/.m2/repository/com/beust/jcommander/1.82/jcommander-1.82.jar:/Users/narendra/.m2/repository/org/webjars/jquery/3.7.1/jquery-3.7.1.jar:/Users/narendra/.m2/repository/com/fasterxml/jackson/core/jackson-databind/2.17.2/jackson-databind-2.17.2.jar:/Users/narendra/.m2/repository/com/fasterxml/jackson/core/jackson-annotations/2.17.2/jackson-annotations-2.17.2.jar:/Users/narendra/.m2/repository/com/fasterxml/jackson/core/jackson-core/2.17.2/jackson-core-2.17.2.jar:/Users/narendra/.m2/repository/com/google/code/gson/gson/2.11.0/gson-2.11.0.jar:/Users/narendra/.m2/repository/com/google/errorprone/error_prone_annotations/2.27.0/error_prone_annotations-2.27.0.jar:/Users/narendra/.m2/repository/com/aventstack/extentreports/5.1.2/extentreports-5.1.2.jar:/Users/narendra/.m2/repository/io/reactivex/rxjava3/rxjava/3.1.6/rxjava-3.1.6.jar:/Users/narendra/.m2/repository/org/reactivestreams/reactive-streams/1.0.4/reactive-streams-1.0.4.jar:/Users/narendra/.m2/repository/org/freemarker/freemarker/2.3.32/freemarker-2.3.32.jar:/Users/narendra/.m2/repository/com/github/javafaker/javafaker/1.0.2/javafaker-1.0.2.jar:/Users/narendra/.m2/repository/org/yaml/snakeyaml/1.23/snakeyaml-1.23-android.jar:/Users/narendra/.m2/repository/com/github/mifmif/generex/1.0.2/generex-1.0.2.jar:/Users/narendra/.m2/repository/dk/brics/automaton/automaton/1.11-8/automaton-1.11-8.jar:/Users/narendra/.m2/repository/org/projectlombok/lombok/1.18.34/lombok-1.18.34.jar:/Users/narendra/.m2/repository/org/apache/commons/commons-lang3/3.17.0/commons-lang3-3.17.0.jar:/Users/narendra/.m2/repository/com/github/ozlerhakan/poiji/4.1.1/poiji-4.1.1.jar:/Users/narendra/.m2/repository/org/apache/poi/poi-ooxml/5.2.3/poi-ooxml-5.2.3.jar:/Users/narendra/.m2/repository/org/apache/poi/poi/5.2.3/poi-5.2.3.jar:/Users/narendra/.m2/repository/org/apache/commons/commons-math3/3.6.1/commons-math3-3.6.1.jar:/Users/narendra/.m2/repository/com/zaxxer/SparseBitSet/1.2/SparseBitSet-1.2.jar:/Users/narendra/.m2/repository/org/apache/poi/poi-ooxml-lite/5.2.3/poi-ooxml-lite-5.2.3.jar:/Users/narendra/.m2/repository/org/apache/xmlbeans/xmlbeans/5.1.1/xmlbeans-5.1.1.jar:/Users/narendra/.m2/repository/org/apache/commons/commons-compress/1.21/commons-compress-1.21.jar:/Users/narendra/.m2/repository/commons-io/commons-io/2.11.0/commons-io-2.11.0.jar:/Users/narendra/.m2/repository/com/github/virtuald/curvesapi/1.07/curvesapi-1.07.jar:/Users/narendra/.m2/repository/org/apache/logging/log4j/log4j-api/2.18.0/log4j-api-2.18.0.jar:/Users/narendra/.m2/repository/org/apache/commons/commons-collections4/4.4/commons-collections4-4.4.jar:"/>
    <property name="sun.cpu.endian" value="little"/>
    <property name="user.home" value="/Users/narendra"/>
    <property name="user.language" value="en"/>
    <property name="java.specification.vendor" value="Oracle Corporation"/>
    <property name="java.version.date" value="2019-10-15"/>
    <property name="java.home" value="/Library/Java/JavaVirtualMachines/jdk-13.0.1.jdk/Contents/Home"/>
    <property name="file.separator" value="/"/>
    <property name="basedir" value="/Users/narendra/eclipse-workspace/APIAutomation"/>
    <property name="java.vm.compressedOopsMode" value="Zero based"/>
    <property name="line.separator" value="&#10;"/>
    <property name="java.specification.name" value="Java Platform API Specification"/>
    <property name="java.vm.specification.vendor" value="Oracle Corporation"/>
    <property name="surefire.real.class.path" value="/Users/narendra/eclipse-workspace/APIAutomation/target/surefire/surefirebooter-20241025142732336_3.jar"/>
    <property name="sun.management.compiler" value="HotSpot 64-Bit Tiered Compilers"/>
    <property name="ftp.nonProxyHosts" value="local|*.local|169.254/16|*.169.254/16"/>
    <property name="java.runtime.version" value="13.0.1+9"/>
    <property name="user.name" value="narendra"/>
    <property name="path.separator" value=":"/>
    <property name="os.version" value="10.14.6"/>
    <property name="java.runtime.name" value="Java(TM) SE Runtime Environment"/>
    <property name="file.encoding" value="UTF-8"/>
    <property name="java.vm.name" value="Java HotSpot(TM) 64-Bit Server VM"/>
    <property name="localRepository" value="/Users/narendra/.m2/repository"/>
    <property name="java.vendor.url.bug" value="https://bugreport.java.com/bugreport/"/>
    <property name="java.io.tmpdir" value="/var/folders/2t/1dvhjf4j71s310yh4t13dz_c0000gn/T/"/>
    <property name="idea.version" value="2023.1.1"/>
    <property name="java.version" value="13.0.1"/>
    <property name="user.dir" value="/Users/narendra/eclipse-workspace/APIAutomation"/>
    <property name="os.arch" value="x86_64"/>
    <property name="java.vm.specification.name" value="Java Virtual Machine Specification"/>
    <property name="java.library.path" value="/Users/narendra/Library/Java/Extensions:/Library/Java/Extensions:/Network/Library/Java/Extensions:/System/Library/Java/Extensions:/usr/lib/java:."/>
    <property name="java.vm.info" value="mixed mode, sharing"/>
    <property name="java.vendor" value="Oracle Corporation"/>
    <property name="java.vm.version" value="13.0.1+9"/>
    <property name="sun.io.unicode.encoding" value="UnicodeBig"/>
    <property name="socksNonProxyHosts" value="local|*.local|169.254/16|*.169.254/16"/>
    <property name="java.class.version" value="57.0"/>
  </properties>
  <testcase name="createairline" classname="Airlines.AirlineTest" time="4.379">
    <failure message="expected [300] but found [200]" type="java.lang.AssertionError"><![CDATA[java.lang.AssertionError: expected [300] but found [200]
	at org.testng.Assert.fail(Assert.java:111)
	at org.testng.Assert.failNotEquals(Assert.java:1578)
	at org.testng.Assert.assertEqualsImpl(Assert.java:150)
	at org.testng.Assert.assertEquals(Assert.java:132)
	at org.testng.Assert.assertEquals(Assert.java:1419)
	at org.testng.Assert.assertEquals(Assert.java:1383)
	at org.testng.Assert.assertEquals(Assert.java:1429)
	at Airlines.AirlineTest.createairline(AirlineTest.java:30)
	at java.base/jdk.internal.reflect.NativeMethodAccessorImpl.invoke0(Native Method)
	at java.base/jdk.internal.reflect.NativeMethodAccessorImpl.invoke(NativeMethodAccessorImpl.java:62)
	at java.base/jdk.internal.reflect.DelegatingMethodAccessorImpl.invoke(DelegatingMethodAccessorImpl.java:43)
	at java.base/java.lang.reflect.Method.invoke(Method.java:567)
	at org.testng.internal.invokers.MethodInvocationHelper.invokeMethod(MethodInvocationHelper.java:141)
	at org.testng.internal.invokers.TestInvoker.invokeMethod(TestInvoker.java:686)
	at org.testng.internal.invokers.TestInvoker.invokeTestMethod(TestInvoker.java:230)
	at org.testng.internal.invokers.MethodRunner.runInSequence(MethodRunner.java:63)
	at org.testng.internal.invokers.TestInvoker$MethodInvocationAgent.invoke(TestInvoker.java:992)
	at org.testng.internal.invokers.TestInvoker.invokeTestMethods(TestInvoker.java:203)
	at org.testng.internal.invokers.TestMethodWorker.invokeTestMethods(TestMethodWorker.java:154)
	at org.testng.internal.invokers.TestMethodWorker.run(TestMethodWorker.java:134)
	at java.base/java.util.ArrayList.forEach(ArrayList.java:1507)
	at org.testng.TestRunner.privateRun(TestRunner.java:739)
	at org.testng.TestRunner.run(TestRunner.java:614)
	at org.testng.SuiteRunner.runTest(SuiteRunner.java:421)
	at org.testng.SuiteRunner.runSequentially(SuiteRunner.java:413)
	at org.testng.SuiteRunner.privateRun(SuiteRunner.java:373)
	at org.testng.SuiteRunner.run(SuiteRunner.java:312)
	at org.testng.SuiteRunnerWorker.runSuite(SuiteRunnerWorker.java:52)
	at org.testng.SuiteRunnerWorker.run(SuiteRunnerWorker.java:95)
	at org.testng.TestNG.runSuitesSequentially(TestNG.java:1274)
	at org.testng.TestNG.runSuitesLocally(TestNG.java:1208)
	at org.testng.TestNG.runSuites(TestNG.java:1112)
	at org.testng.TestNG.run(TestNG.java:1079)
	at org.apache.maven.surefire.testng.TestNGExecutor.run(TestNGExecutor.java:308)
	at org.apache.maven.surefire.testng.TestNGXmlTestSuite.execute(TestNGXmlTestSuite.java:71)
	at org.apache.maven.surefire.testng.TestNGProvider.invoke(TestNGProvider.java:113)
	at org.apache.maven.surefire.booter.ForkedBooter.runSuitesInProcess(ForkedBooter.java:385)
	at org.apache.maven.surefire.booter.ForkedBooter.execute(ForkedBooter.java:162)
	at org.apache.maven.surefire.booter.ForkedBooter.run(ForkedBooter.java:507)
	at org.apache.maven.surefire.booter.ForkedBooter.main(ForkedBooter.java:495)
]]></failure>
    <system-out><![CDATA[Resposne status code is 200
Response headers are Server=nginx/1.24.0 (Ubuntu)
Date=Fri, 25 Oct 2024 08:57:38 GMT
Content-Type=application/json; charset=utf-8
Content-Length=177
Connection=keep-alive
X-Powered-By=Express
Access-Control-Allow-Origin=*
ETag=W/"b1-JpVynFcYEZFRJofr6Wg5ZMilzII"
{
    "_id": "d510f81f-0c38-48af-8bee-8404dd30ac05",
    "name": "Claudie",
    "country": "Grenada",
    "logo": "HWafGy",
    "slogan": "gLFSJS",
    "website": "https://WNzcpJ.com",
    "established": "1955",
    "__v": 0
}
Response headers are {
    "_id": "d510f81f-0c38-48af-8bee-8404dd30ac05",
    "name": "Claudie",
    "country": "Grenada",
    "logo": "HWafGy",
    "slogan": "gLFSJS",
    "website": "https://WNzcpJ.com",
    "established": "1955",
    "__v": 0
}
{
    "_id": "d510f81f-0c38-48af-8bee-8404dd30ac05",
    "name": "Claudie",
    "country": "Grenada",
    "logo": "HWafGy",
    "slogan": "gLFSJS",
    "website": "https://WNzcpJ.com",
    "established": "1955",
    "__v": 0
}
]]></system-out>
    <system-err><![CDATA[SLF4J: Failed to load class "org.slf4j.impl.StaticLoggerBinder".
SLF4J: Defaulting to no-operation (NOP) logger implementation
SLF4J: See http://www.slf4j.org/codes.html#StaticLoggerBinder for further details.
]]></system-err>
  </testcase>
  <testcase name="getAirlines" classname="Airlines.AirlineTest" time="0.792">
    <system-out><![CDATA[Resposne status code is 200
Response headers are Server=nginx/1.24.0 (Ubuntu)
Date=Fri, 25 Oct 2024 08:57:39 GMT
Content-Type=application/json; charset=utf-8
Content-Length=184
Connection=keep-alive
X-Powered-By=Express
Access-Control-Allow-Origin=*
ETag=W/"b8-XF5737JvdepCyHqmLK+ptQjbbc0"
{
    "_id": "a07efab2-9ee4-4b9b-8c8a-c732fe3b08d8",
    "name": "Virgilio",
    "country": "French Guiana",
    "logo": "jhhZFN",
    "slogan": "vkjZZE",
    "website": "https://ARNnet.com",
    "established": "1906",
    "__v": 0
}
Response headers are {
    "_id": "a07efab2-9ee4-4b9b-8c8a-c732fe3b08d8",
    "name": "Virgilio",
    "country": "French Guiana",
    "logo": "jhhZFN",
    "slogan": "vkjZZE",
    "website": "https://ARNnet.com",
    "established": "1906",
    "__v": 0
}
{
    "_id": "a07efab2-9ee4-4b9b-8c8a-c732fe3b08d8",
    "name": "Virgilio",
    "country": "French Guiana",
    "logo": "jhhZFN",
    "slogan": "vkjZZE",
    "website": "https://ARNnet.com",
    "established": "1906",
    "__v": 0
}
]]></system-out>
  </testcase>
</testsuite>