<?xml version="1.0" encoding="UTF-8"?>
<!-- Generated by org.testng.reporters.JUnitReportReporter -->
<testsuite hostname="Narendras-MacBook-Pro.local" failures="0" tests="2" name="Airlines.AirlineTest" time="8.356" errors="0" timestamp="2024-10-25T13:01:29 IST" skipped="0">
  <testcase classname="Airlines.AirlineTest" name="createairline" time="7.563"/>
  <testcase classname="Airlines.AirlineTest" name="getAirlines" time="0.793"/>
</testsuite> <!-- Airlines.AirlineTest -->
